# Logfile created on 2017-11-04 16:00:21 -0400 by logger.rb/56815
D, [2017-11-04T16:00:21.193687 #4777] DEBUG -- : REQUESTING PAGE: GET / with {} and HTTP headers {}
D, [2017-11-04T16:01:07.946865 #4797] DEBUG -- : REQUESTING PAGE: GET / with {} and HTTP headers {}
D, [2017-11-04T16:09:58.155892 #5291] DEBUG -- : REQUESTING PAGE: GET / with {} and HTTP headers {}
D, [2017-11-04T16:32:02.348870 #6304] DEBUG -- : REQUESTING PAGE: GET / with {} and HTTP headers {}
D, [2017-11-04T16:32:45.461808 #6333] DEBUG -- : REQUESTING PAGE: GET / with {} and HTTP headers {}
D, [2017-11-04T16:32:45.605970 #6333] DEBUG -- : REQUESTING PAGE: GET /gameOption with {} and HTTP headers {"HTTP_REFERER"=>"/"}
D, [2017-11-04T16:32:45.628654 #6333] DEBUG -- : REQUESTING PAGE: GET /game with {} and HTTP headers {"HTTP_REFERER"=>"/gameOption"}
D, [2017-11-04T16:40:05.432191 #6498] DEBUG -- : REQUESTING PAGE: GET / with {} and HTTP headers {}
D, [2017-11-04T16:40:05.469171 #6498] DEBUG -- : REQUESTING PAGE: GET /gameOption with {} and HTTP headers {"HTTP_REFERER"=>"/"}
D, [2017-11-04T16:40:05.474819 #6498] DEBUG -- : REQUESTING PAGE: GET /game with {} and HTTP headers {"HTTP_REFERER"=>"/gameOption"}
D, [2017-11-04T17:05:40.294667 #7539] DEBUG -- : REQUESTING PAGE: GET / with {} and HTTP headers {}
D, [2017-11-04T17:05:40.309711 #7539] DEBUG -- : REQUESTING PAGE: GET /gameOption with {} and HTTP headers {"HTTP_REFERER"=>"/"}
D, [2017-11-04T17:05:40.315170 #7539] DEBUG -- : REQUESTING PAGE: GET /game with {} and HTTP headers {"HTTP_REFERER"=>"/gameOption"}
D, [2017-11-04T17:07:48.346459 #7690] DEBUG -- : REQUESTING PAGE: GET / with {} and HTTP headers {}
D, [2017-11-04T17:07:48.374834 #7690] DEBUG -- : REQUESTING PAGE: GET /gameOption with {} and HTTP headers {"HTTP_REFERER"=>"/"}
D, [2017-11-04T17:07:48.377948 #7690] DEBUG -- : REQUESTING PAGE: GET /game with {} and HTTP headers {"HTTP_REFERER"=>"/gameOption"}
D, [2017-11-04T17:07:48.383257 #7690] DEBUG -- : REQUESTING PAGE: GET / with {} and HTTP headers {}
D, [2017-11-04T17:08:10.071853 #7709] DEBUG -- : REQUESTING PAGE: GET / with {} and HTTP headers {}
D, [2017-11-04T17:08:10.085240 #7709] DEBUG -- : REQUESTING PAGE: GET /gameOption with {} and HTTP headers {"HTTP_REFERER"=>"/"}
D, [2017-11-04T17:08:10.088948 #7709] DEBUG -- : REQUESTING PAGE: GET /game with {} and HTTP headers {"HTTP_REFERER"=>"/gameOption"}
D, [2017-11-04T17:08:10.096102 #7709] DEBUG -- : REQUESTING PAGE: GET / with {} and HTTP headers {}
D, [2017-11-04T17:09:31.501160 #7757] DEBUG -- : REQUESTING PAGE: GET / with {} and HTTP headers {}
D, [2017-11-04T17:09:31.515745 #7757] DEBUG -- : REQUESTING PAGE: GET /gameOption with {} and HTTP headers {"HTTP_REFERER"=>"/"}
D, [2017-11-04T17:09:31.519744 #7757] DEBUG -- : REQUESTING PAGE: GET /game with {} and HTTP headers {"HTTP_REFERER"=>"/gameOption"}
D, [2017-11-04T17:09:31.526389 #7757] DEBUG -- : REQUESTING PAGE: GET / with {} and HTTP headers {}
D, [2017-11-04T17:13:52.879947 #7919] DEBUG -- : REQUESTING PAGE: GET / with {} and HTTP headers {}
D, [2017-11-04T17:13:52.893915 #7919] DEBUG -- : REQUESTING PAGE: GET /gameOption with {} and HTTP headers {"HTTP_REFERER"=>"/"}
D, [2017-11-04T17:13:52.898567 #7919] DEBUG -- : REQUESTING PAGE: GET /game with {} and HTTP headers {"HTTP_REFERER"=>"/gameOption"}
D, [2017-11-04T17:13:52.904700 #7919] DEBUG -- : REQUESTING PAGE: GET /game with {} and HTTP headers {}
D, [2017-11-04T17:13:52.906989 #7919] DEBUG -- : REQUESTING PAGE: GET / with {} and HTTP headers {"HTTP_REFERER"=>"/game"}
D, [2017-11-04T17:13:52.908825 #7919] DEBUG -- : REQUESTING PAGE: GET / with {} and HTTP headers {"HTTP_REFERER"=>"/"}
D, [2017-11-04T17:13:57.509593 #7926] DEBUG -- : REQUESTING PAGE: GET / with {} and HTTP headers {}
D, [2017-11-04T17:13:57.522323 #7926] DEBUG -- : REQUESTING PAGE: GET /gameOption with {} and HTTP headers {"HTTP_REFERER"=>"/"}
D, [2017-11-04T17:13:57.525963 #7926] DEBUG -- : REQUESTING PAGE: GET /game with {} and HTTP headers {"HTTP_REFERER"=>"/gameOption"}
D, [2017-11-04T17:13:57.533826 #7926] DEBUG -- : REQUESTING PAGE: GET /game with {} and HTTP headers {}
D, [2017-11-04T17:13:57.535925 #7926] DEBUG -- : REQUESTING PAGE: GET / with {} and HTTP headers {"HTTP_REFERER"=>"/game"}
D, [2017-11-04T17:13:57.537549 #7926] DEBUG -- : REQUESTING PAGE: GET / with {} and HTTP headers {"HTTP_REFERER"=>"/"}
